Tue Sep 19 17:57:10 2023       
+-----------------------------------------------------------------------------+
| NVIDIA-SMI 515.43.04    Driver Version: 515.43.04    CUDA Version: 11.7     |
|-------------------------------+----------------------+----------------------+
| GPU  Name        Persistence-M| Bus-Id        Disp.A | Volatile Uncorr. ECC |
| Fan  Temp  Perf  Pwr:Usage/Cap|         Memory-Usage | GPU-Util  Compute M. |
|                               |                      |               MIG M. |
|===============================+======================+======================|
|   0  NVIDIA RTX A5000    On   | 00000000:01:00.0 Off |                  Off |
| 30%   30C    P8    17W / 230W |      1MiB / 24564MiB |      0%      Default |
|                               |                      |                  N/A |
+-------------------------------+----------------------+----------------------+
|   1  NVIDIA RTX A5000    On   | 00000000:25:00.0 Off |                  Off |
| 30%   29C    P8    18W / 230W |      1MiB / 24564MiB |      0%      Default |
|                               |                      |                  N/A |
+-------------------------------+----------------------+----------------------+
|   2  NVIDIA RTX A5000    On   | 00000000:81:00.0 Off |                  Off |
| 30%   29C    P8    13W / 230W |      1MiB / 24564MiB |      0%      Default |
|                               |                      |                  N/A |
+-------------------------------+----------------------+----------------------+
|   3  NVIDIA RTX A5000    On   | 00000000:C1:00.0 Off |                  Off |
| 30%   29C    P8    17W / 230W |      1MiB / 24564MiB |      0%      Default |
|                               |                      |                  N/A |
+-------------------------------+----------------------+----------------------+
                                                                               
+-----------------------------------------------------------------------------+
| Processes:                                                                  |
|  GPU   GI   CI        PID   Type   Process name                  GPU Memory |
|        ID   ID                                                   Usage      |
|=============================================================================|
|  No running processes found                                                 |
+-----------------------------------------------------------------------------+
[ 17%] Built target context
[ 32%] Built target core
[ 70%] Built target cudahelp
[ 90%] Built target OSDI2023_MULTI_NODES_resgcn
[ 90%] Built target estimate_comm_volume
[ 97%] Built target OSDI2023_MULTI_NODES_resgcn_plus
[ 97%] Built target OSDI2023_MULTI_NODES_graphsage
[ 97%] Built target OSDI2023_MULTI_NODES_gcn
[ 97%] Built target OSDI2023_MULTI_NODES_gcnii
Running experiments...
Starting GNN Training...
Initializing the runtime environment
Starting GNN Training...
Initializing the runtime environment
Starting GNN Training...
Initializing the runtime environment
Starting GNN Training...
Initializing the runtime environment
Starting GNN Training...
Initializing the runtime environment
Starting GNN Training...
Initializing the runtime environment
Starting GNN Training...
Initializing the runtime environment
Starting GNN Training...
Initializing the runtime environment
DONE MPI INIT
Initialized node 0 on machine gnerv1
DONE MPI INIT
Initialized node 1 on machine gnerv1
DONE MPI INIT
Initialized node 2 on machine gnerv1
DONE MPI INIT
Initialized node 3 on machine gnerv1
DONE MPI INIT
DONE MPI INIT
Initialized node 5 on machine gnerv4
Initialized node 4 on machine gnerv4
DONE MPI INIT
Initialized node 6 on machine gnerv4
DONE MPI INIT
Initialized node 7 on machine gnerv4
Building the CSR structure...
Building the CSR structure...
Building the CSR structure...
Building the CSR structure...
Building the CSR structure...
Building the CSR structure...
Building the CSR structure...
Building the CSR structure...
        It takes 0.060 seconds.
Building the CSC structure...
        It takes 0.060 seconds.
Building the CSC structure...
        It takes 0.059 seconds.
Building the CSC structure...
        It takes 0.061 seconds.
Building the CSC structure...
        It takes 0.066 seconds.
Building the CSC structure...
        It takes 0.066 seconds.
Building the CSC structure...
        It takes 0.066 seconds.
Building the CSC structure...
        It takes 0.068 seconds.
Building the CSC structure...
        It takes 0.060 seconds.
        It takes 0.060 seconds.
        It takes 0.060 seconds.
        It takes 0.063 seconds.
        It takes 0.061 seconds.
        It takes 0.061 seconds.
        It takes 0.059 seconds.
        It takes 0.061 seconds.
Building the Feature Vector...
Building the Feature Vector...
Building the Feature Vector...
Building the Feature Vector...
Building the Feature Vector...
Building the Feature Vector...
Building the Feature Vector...
Building the Feature Vector...
        It takes 0.185 seconds.
        It takes 0.189 seconds.
        It takes 0.189 seconds.
        It takes 0.189 seconds.
Building the Label Vector...
Building the Label Vector...
Building the Label Vector...
Building the Label Vector...
        It takes 0.182 seconds.
        It takes 0.182 seconds.
        It takes 0.182 seconds.
        It takes 0.182 seconds.
Building the Label Vector...
Building the Label Vector...
Building the Label Vector...
Building the Label Vector...
        It takes 0.050 seconds.
        It takes 0.057 seconds.
        It takes 0.057 seconds.
        It takes 0.057 seconds.
        It takes 0.057 seconds.
        It takes 0.053 seconds.
The graph dataset locates at /shared_hdd_storage/jingjichen/gnn_datasets/partitioned_graphs/ogbn_arxiv/8_parts
The number of GCNII layers: 32
The number of hidden units: 100
The number of training epoches: 100
Learning rate: 0.001000
The partition strategy: model
The dropout rate: 0.500
The checkpointed weight file: /tmp/saved_weights_pipe
The random seed: 1
GCN hyper-parameter alpha: 0.100000
GCN hyper-parameter lambda: 0.500000
Number of classes: 40
Number of feature dimensions: 128
Number of vertices: 169343
Number of GPUs: 8
        It takes 0.054 seconds.
        It takes 0.056 seconds.
GPU 0, layer [0, 33)
GPU 0, layer [0, 33)
169343, 2484941, 2484941
Number of vertices per chunk: 21168
169343, 2484941, 2484941
train nodes 90941, valid nodes 29799, test nodes 48603
GPU 0, layer [0, 33)
Number of vertices per chunk: 21168
Chunks (number of global chunks: 8): 0-[0, 21167) 1-[21167, 42335) 2-[42335, 63503) 3-[63503, 84671) 4-[84671, 105839) 5-[105839, 127007) 6-[127007, 148175) 7-[148175, 169343)
csr in-out ready !Start Cost Model Initialization...
169343, 2484941, 2484941
Number of vertices per chunk: 21168
csr in-out ready !Start Cost Model Initialization...
GPU 0, layer [0, 33)
GPU 0, layer [0, 33)
GPU 0, layer [0, 33)
GPU 0, layer [0, 33)
GPU 0, layer [0, 33)
169343, 2484941, 2484941
Number of vertices per chunk: 21168
169343, 2484941, 2484941
Number of vertices per chunk: 21168
csr in-out ready !Start Cost Model Initialization...
***** Start profiling the layer-level communication performance *******
169343, 2484941, 2484941
169343, 2484941, 2484941
Number of vertices per chunk: 21168
Number of vertices per chunk: 21168
169343, 2484941, 2484941
Number of vertices per chunk: 21168
csr in-out ready !Start Cost Model Initialization...
csr in-out ready !Start Cost Model Initialization...
csr in-out ready !Start Cost Model Initialization...
csr in-out ready !Start Cost Model Initialization...
csr in-out ready !Start Cost Model Initialization...
The layer-level communication performance: 61.150 Gbps (per GPU), 489.203 Gbps (aggregated)
****** Start profiling the graph-level communication performance with supernodesize = 2 ******
The layer-level communication performance: 61.282 Gbps (per GPU), 490.260 Gbps (aggregated)
The layer-level communication performance: 60.851 Gbps (per GPU), 486.809 Gbps (aggregated)
****** Start profiling the graph-level communication performance with supernodesize = 2 ******
****** Start profiling the graph-level communication performance with supernodesize = 2 ******
The layer-level communication performance: 60.581 Gbps (per GPU), 484.651 Gbps (aggregated)
The layer-level communication performance: 60.555 Gbps (per GPU), 484.438 Gbps (aggregated)
****** Start profiling the graph-level communication performance with supernodesize = 2 ******
****** Start profiling the graph-level communication performance with supernodesize = 2 ******
The layer-level communication performance: 60.326 Gbps (per GPU), 482.607 Gbps (aggregated)
The layer-level communication performance: 60.696 Gbps (per GPU), 485.565 Gbps (aggregated)
The layer-level communication performance: 60.245 Gbps (per GPU), 481.958 Gbps (aggregated)
****** Start profiling the graph-level communication performance with supernodesize = 2 ******
****** Start profiling the graph-level communication performance with supernodesize = 2 ******
****** Start profiling the graph-level communication performance with supernodesize = 2 ******
The graph-level communication performance (supernode = 2): 159.080 Gbps (per GPU), 1272.640 Gbps (aggregated, cluster-wide)
The graph-level communication performance (supernode = 2): 159.074 Gbps (per GPU), 1272.592 Gbps (aggregated, cluster-wide)
The graph-level communication performance (supernode = 2): 159.092 Gbps (per GPU), 1272.735 Gbps (aggregated, cluster-wide)
The graph-level communication performance (supernode = 2): 159.074 Gbps (per GPU), 1272.592 Gbps (aggregated, cluster-wide)
The graph-level communication performance (supernode = 2): 159.065 Gbps (per GPU), 1272.519 Gbps (aggregated, cluster-wide)
The graph-level communication performance (supernode = 2): 159.032 Gbps (per GPU), 1272.254 Gbps (aggregated, cluster-wide)
The graph-level communication performance (supernode = 2): 159.077 Gbps (per GPU), 1272.616 Gbps (aggregated, cluster-wide)
The graph-level communication performance (supernode = 2): 159.071 Gbps (per GPU), 1272.568 Gbps (aggregated, cluster-wide)
****** Start profiling the graph-level communication performance with supernodesize = 4 ******
****** Start profiling the graph-level communication performance with supernodesize = 4 ******
****** Start profiling the graph-level communication performance with supernodesize = 4 ******
****** Start profiling the graph-level communication performance with supernodesize = 4 ******
****** Start profiling the graph-level communication performance with supernodesize = 4 ******
****** Start profiling the graph-level communication performance with supernodesize = 4 ******
****** Start profiling the graph-level communication performance with supernodesize = 4 ******
****** Start profiling the graph-level communication performance with supernodesize = 4 ******
The graph-level communication performance (supernode = 4): 104.677 Gbps (per GPU), 837.416 Gbps (aggregated, cluster-wide)
The graph-level communication performance (supernode = 4): 104.670 Gbps (per GPU), 837.360 Gbps (aggregated, cluster-wide)
The graph-level communication performance (supernode = 4): 104.667 Gbps (per GPU), 837.333 Gbps (aggregated, cluster-wide)
The graph-level communication performance (supernode = 4): 104.663 Gbps (per GPU), 837.305 Gbps (aggregated, cluster-wide)
The graph-level communication performance (supernode = 4): 104.674 Gbps (per GPU), 837.388 Gbps (aggregated, cluster-wide)
The graph-level communication performance (supernode = 4): 104.647 Gbps (per GPU), 837.172 Gbps (aggregated, cluster-wide)
The graph-level communication performance (supernode = 4): 104.654 Gbps (per GPU), 837.228 Gbps (aggregated, cluster-wide)
The graph-level communication performance (supernode = 4): 104.619 Gbps (per GPU), 836.950 Gbps (aggregated, cluster-wide)
****** Start profiling the graph-level communication performance with supernodesize = 8 ******
****** Start profiling the graph-level communication performance with supernodesize = 8 ******
****** Start profiling the graph-level communication performance with supernodesize = 8 ******
****** Start profiling the graph-level communication performance with supernodesize = 8 ******
****** Start profiling the graph-level communication performance with supernodesize = 8 ******
****** Start profiling the graph-level communication performance with supernodesize = 8 ******
****** Start profiling the graph-level communication performance with supernodesize = 8 ******
****** Start profiling the graph-level communication performance with supernodesize = 8 ******
The graph-level communication performance (supernode = 8): 38.688 Gbps (per GPU), 309.503 Gbps (aggregated, cluster-wide)
The graph-level communication performance (supernode = 8): 38.683 Gbps (per GPU), 309.460 Gbps (aggregated, cluster-wide)
The graph-level communication performance (supernode = 8): 38.680 Gbps (per GPU), 309.440 Gbps (aggregated, cluster-wide)
The graph-level communication performance (supernode = 8): 38.684 Gbps (per GPU), 309.470 Gbps (aggregated, cluster-wide)
The graph-level communication performance (supernode = 8): 38.678 Gbps (per GPU), 309.428 Gbps (aggregated, cluster-wide)
The graph-level communication performance (supernode = 8): 38.684 Gbps (per GPU), 309.470 Gbps (aggregated, cluster-wide)
The graph-level communication performance (supernode = 8): 38.685 Gbps (per GPU), 309.477 Gbps (aggregated, cluster-wide)
The graph-level communication performance (supernode = 8): 38.682 Gbps (per GPU), 309.457 Gbps (aggregated, cluster-wide)
 LType   LT0   LT1   LT2 Ratio  VSum  ESum
 chk_0  0.72ms  1.33ms  1.60ms  2.24 21.17K  0.46M
 chk_1  0.71ms  1.40ms  1.67ms  2.36 21.17K  0.55M
 chk_2  0.71ms  1.29ms  1.57ms  2.21 21.17K  0.39M
 chk_3  0.71ms  1.25ms  1.53ms  2.15 21.17K  0.24M
 chk_4  0.71ms  1.20ms  1.48ms  2.08 21.17K  0.17M
 chk_5  0.71ms  1.21ms  1.48ms  2.09 21.17K  0.22M
 chk_6  0.71ms  1.21ms  1.49ms  2.09 21.17K  0.16M
 chk_7  0.71ms  1.19ms  1.47ms  2.06 21.17K  0.12M
   Avg  0.71  1.26  1.54
   Max  0.72  1.40  1.67
   Min  0.71  1.19  1.47
 Ratio  1.01  1.18  1.14
   Var  0.00  0.00  0.00
Profiling takes 0.414 s
*** Node 0, starting model training...
*** Node 1, starting model training...
*** Node 2, starting model training...
*** Node 4, starting model training...
*** Node 5, starting model training...
Num Stages: 1 / 1
Node 0, Pipeline Input Tensor: NULL
Node 0, Pipeline Output Tensor: NULL
*** Node 0 owns the model-level partition [0, 233)
*** Node 0, constructing the helper classes...
Node 0, Local Vertex Begin: 0, Num Local Vertices: 21167
*** Node 3, starting model training...
*** Node 6, starting model training...
*** Node 7, starting model training...
Num Stages: 1 / 1
Node 5, Pipeline Input Tensor: NULL
Node 5, Pipeline Output Tensor: NULL
*** Node 5 owns the model-level partition [0, 233)
*** Node 5, constructing the helper classes...
Node 5, Local Vertex Begin: 105839, Num Local Vertices: 21168
Num Stages: 1 / 1
Node 7, Pipeline Input Tensor: NULL
Node 7, Pipeline Output Tensor: NULL
*** Node 7 owns the model-level partition [0, 233)
*** Node 7, constructing the helper classes...
Node 7, Local Vertex Begin: 148175, Num Local Vertices: 21168
Num Stages: 1 / 1
Node 4, Pipeline Input Tensor: NULL
Node 4, Pipeline Output Tensor: NULL
*** Node 4 owns the model-level partition [0, 233)
*** Node 4, constructing the helper classes...
Node 4, Local Vertex Begin: 84671, Num Local Vertices: 21168
Num Stages: 1 / 1
Node 1, Pipeline Input Tensor: NULL
Node 1, Pipeline Output Tensor: NULL
*** Node 1 owns the model-level partition [0, 233)
*** Node 1, constructing the helper classes...
Node 1, Local Vertex Begin: 21167, Num Local Vertices: 21168
Num Stages: 1 / 1
Node 3, Pipeline Input Tensor: NULL
Node 3, Pipeline Output Tensor: NULL
*** Node 3 owns the model-level partition [0, 233)
*** Node 3, constructing the helper classes...
Node 3, Local Vertex Begin: 63503, Num Local Vertices: 21168
Num Stages: 1 / 1
Node 6, Pipeline Input Tensor: NULL
Node 6, Pipeline Output Tensor: NULL
*** Node 6 owns the model-level partition [0, 233)
*** Node 6, constructing the helper classes...
Node 6, Local Vertex Begin: 127007, Num Local Vertices: 21168
Num Stages: 1 / 1
Node 2, Pipeline Input Tensor: NULL
Node 2, Pipeline Output Tensor: NULL
*** Node 2 owns the model-level partition [0, 233)
*** Node 2, constructing the helper classes...
Node 2, Local Vertex Begin: 42335, Num Local Vertices: 21168
*** Node 1, setting up some other necessary information...
*** Node 0, setting up some other necessary information...
*** Node 2, setting up some other necessary information...
*** Node 3, setting up some other necessary information...
*** Node 5, setting up some other necessary information...
*** Node 4, setting up some other necessary information...
*** Node 6, setting up some other necessary information...
*** Node 7, setting up some other necessary information...
+++++++++ Node 1 initializing the weights for op[0, 233)...
+++++++++ Node 0 initializing the weights for op[0, 233)...
+++++++++ Node 7 initializing the weights for op[0, 233)...
+++++++++ Node 5 initializing the weights for op[0, 233)...
+++++++++ Node 6 initializing the weights for op[0, 233)...
+++++++++ Node 2 initializing the weights for op[0, 233)...
+++++++++ Node 4 initializing the weights for op[0, 233)...
+++++++++ Node 3 initializing the weights for op[0, 233)...
Node 0, discovering the vertices that will be sent across graph boundary...
Node 1, discovering the vertices that will be sent across graph boundary...
Node 2, discovering the vertices that will be sent across graph boundary...
Node 3, discovering the vertices that will be sent across graph boundary...
Node 4, discovering the vertices that will be sent across graph boundary...
Node 5, discovering the vertices that will be sent across graph boundary...
Node 6, discovering the vertices that will be sent across graph boundary...
Node 7, discovering the vertices that will be sent across graph boundary...
The number of mirror vertices: 114305
Node 0, discovering the vertices that will be received across the graph boundary.
Node 1, discovering the vertices that will be received across the graph boundary.
Node 2, discovering the vertices that will be received across the graph boundary.
Node 3, discovering the vertices that will be received across the graph boundary.
Node 4, discovering the vertices that will be received across the graph boundary.
Node 5, discovering the vertices that will be received across the graph boundary.
Node 6, discovering the vertices that will be received across the graph boundary.
Node 7, discovering the vertices that will be received across the graph boundary.
****** Start Scheduling the Tasks in a Pipelined Fashion ******
****** Start Scheduling the Tasks in a Pipelined Fashion ******
****** Start Scheduling the Tasks in a Pipelined Fashion ******
****** Start Scheduling the Tasks in a Pipelined Fashion ******
****** Start Scheduling the Tasks in a Pipelined Fashion ******
****** Start Scheduling the Tasks in a Pipelined Fashion ******
****** Start Scheduling the Tasks in a Pipelined Fashion ******
****** Start Scheduling the Tasks in a Pipelined Fashion ******
*** Node 1, starting task scheduling...
*** Node 3, starting task scheduling...
*** Node 0, starting task scheduling...
*** Node 2, starting task scheduling...



The learning rate specified by the user: 0.001000000
The learning rate specified by the user: 0.001000000
The learning rate specified by the user: 0.001000000
The learning rate specified by the user: 0.001000000
*** Node 4, starting task scheduling...
The learning rate specified by the user: 0.001000000
*** Node 5, starting task scheduling...
The learning rate specified by the user: 0.001000000
*** Node 6, starting task scheduling...
The learning rate specified by the user: 0.001000000
*** Node 7, starting task scheduling...
The learning rate specified by the user: 0.001000000
	Epoch 1:	Loss 3.7106	TrainAcc 0.0237	ValidAcc 0.0204	TestAcc 0.0182	BestValid 0.0204
	Epoch 50:	Loss 2.8131	TrainAcc 0.2898	ValidAcc 0.3061	TestAcc 0.2761	BestValid 0.3061
	Epoch 100:	Loss 2.3429	TrainAcc 0.4263	ValidAcc 0.4000	TestAcc 0.3734	BestValid 0.4000
****** Epoch Time (Excluding Evaluation Cost): 0.143 s ******
****** Breakdown Analysis ******
Cluster-Wide Average, Bubble-Pipeline: 0.320 ms (Max: 0.561, Min: 0.037, Sum: 2.558)
Cluster-Wide Average, Compute: 43.387 ms (Max: 46.417, Min: 41.777, Sum: 347.093)
Cluster-Wide Average, Communication-Layer: 0.008 ms (Max: 0.009, Min: 0.007, Sum: 0.063)
Cluster-Wide Average, Bubble-Imbalance: 0.014 ms (Max: 0.015, Min: 0.013, Sum: 0.111)
Cluster-Wide Average, Communication-Graph: 95.667 ms (Max: 97.080, Min: 92.929, Sum: 765.337)
Cluster-Wide Average, Optimization: 2.716 ms (Max: 2.734, Min: 2.706, Sum: 21.727)
Cluster-Wide Average, Others: 0.800 ms (Max: 0.838, Min: 0.773, Sum: 6.397)
****** Breakdown Sum: 142.911 ms ******
Cluster-Wide Average, GPU Memory Consumption: 5.615 GB (Max: 6.182, Min: 5.520, Sum: 44.919)
Cluster-Wide Average, Graph-Level Communication Throughput: 32.880 Gbps (Max: 63.962, Min: 10.418, Sum: 263.042)
Cluster-Wide Average, Layer-Level Communication Throughput: 0.000 Gbps (Max: 0.000, Min: 0.000, Sum: 0.000)
Layer-level communication (cluster-wide, per-epoch): 0.000 GB
Graph-level communication (cluster-wide, per-epoch): 2.725 GB
Weight-sync communication (cluster-wide, per-epoch): 0.018 GB
Total communication (cluster-wide, per-epoch): 2.743 GB
****** Accuracy Results ******
Highest valid_acc: 0.4000
Target test_acc: 0.3734
Epoch to reach the target acc: 99
[MPI Rank 0] Success 
[MPI Rank 1] Success 
[MPI Rank 4] Success 
[MPI Rank 2] Success 
[MPI Rank 5] Success 
[MPI Rank 3] Success 
[MPI Rank 6] Success 
[MPI Rank 7] Success 
